Arguments: 
  /usr/local/bin/node /Users/ehammond/.yarn/bin/yarn.js install express body-parser cors mongoose

PATH: 
  /Users/ehammond/.yarn/bin:/Users/ehammond/.config/yarn/global/node_modules/.bin:/usr/local/bin:/usr/bin:/bin:/usr/sbin:/sbin:/usr/local/share/dotnet

Yarn version: 
  1.5.1

Node version: 
  8.10.0

Platform: 
  darwin x64

npm manifest: 
  No manifest

yarn manifest: 
  No manifest

Lockfile: 
  No lockfile

Trace: 
  Error: `install` has been replaced with `add` to add new dependencies. Run "yarn add express body-parser cors mongoose" instead.
      at new MessageError (/Users/ehammond/.yarn/lib/cli.js:186:110)
      at Object.<anonymous> (/Users/ehammond/.yarn/lib/cli.js:21987:13)
      at Generator.next (<anonymous>)
      at step (/Users/ehammond/.yarn/lib/cli.js:98:30)
      at /Users/ehammond/.yarn/lib/cli.js:109:13
      at <anonymous>
